<?xml version="1.0" encoding="UTF-8"?>
<testsuite xmlns:xsi="http://www.w3.org/2001/XMLSchema-instance" xsi:noNamespaceSchemaLocation="https://maven.apache.org/surefire/maven-surefire-plugin/xsd/surefire-test-report-3.0.xsd" version="3.0" name="com.javahongkong.bootcamp.exercise.SampleTest" time="0.001" tests="5" errors="0" skipped="0" failures="0">
  <properties>
    <property name="java.specification.version" value="17"/>
    <property name="sun.cpu.isalist" value="amd64"/>
    <property name="sun.jnu.encoding" value="UTF-8"/>
    <property name="java.class.path" value="C:\Users\Yuki Lau\github\bootcamp\banking-system-demo\target\test-classes;C:\Users\Yuki Lau\github\bootcamp\banking-system-demo\target\classes;C:\Users\Yuki Lau\.m2\repository\junit\junit\4.12\junit-4.12.jar;C:\Users\Yuki Lau\.m2\repository\org\hamcrest\hamcrest-core\1.3\hamcrest-core-1.3.jar;"/>
    <property name="java.vm.vendor" value="Azul Systems, Inc."/>
    <property name="sun.arch.data.model" value="64"/>
    <property name="user.variant" value=""/>
    <property name="java.vendor.url" value="http://www.azul.com/"/>
    <property name="user.timezone" value="Asia/Hong_Kong"/>
    <property name="os.name" value="Windows 10"/>
    <property name="java.vm.specification.version" value="17"/>
    <property name="sun.java.launcher" value="SUN_STANDARD"/>
    <property name="user.country" value="US"/>
    <property name="sun.boot.library.path" value="C:\Program Files\Amazon Corretto\zulu17.46.19-ca-jdk17.0.9-win_x64\bin"/>
    <property name="sun.java.command" value="C:\Users\Yuki Lau\AppData\Local\Temp\surefire9502627859040671300\surefirebooter-20240122234859337_3.jar C:\Users\Yuki Lau\AppData\Local\Temp\surefire9502627859040671300 2024-01-22T23-48-58_638-jvmRun1 surefire-20240122234859337_1tmp surefire_0-20240122234859337_2tmp"/>
    <property name="jdk.debug" value="release"/>
    <property name="surefire.test.class.path" value="C:\Users\Yuki Lau\github\bootcamp\banking-system-demo\target\test-classes;C:\Users\Yuki Lau\github\bootcamp\banking-system-demo\target\classes;C:\Users\Yuki Lau\.m2\repository\junit\junit\4.12\junit-4.12.jar;C:\Users\Yuki Lau\.m2\repository\org\hamcrest\hamcrest-core\1.3\hamcrest-core-1.3.jar;"/>
    <property name="sun.cpu.endian" value="little"/>
    <property name="user.home" value="C:\Users\Yuki Lau"/>
    <property name="user.language" value="en"/>
    <property name="java.specification.vendor" value="Oracle Corporation"/>
    <property name="java.version.date" value="2023-10-17"/>
    <property name="java.home" value="C:\Program Files\Amazon Corretto\zulu17.46.19-ca-jdk17.0.9-win_x64"/>
    <property name="file.separator" value="\"/>
    <property name="basedir" value="C:\Users\Yuki Lau\github\bootcamp\banking-system-demo"/>
    <property name="java.vm.compressedOopsMode" value="Zero based"/>
    <property name="line.separator" value="&#10;"/>
    <property name="java.vm.specification.vendor" value="Oracle Corporation"/>
    <property name="java.specification.name" value="Java Platform API Specification"/>
    <property name="surefire.real.class.path" value="C:\Users\Yuki Lau\AppData\Local\Temp\surefire9502627859040671300\surefirebooter-20240122234859337_3.jar"/>
    <property name="user.script" value=""/>
    <property name="sun.management.compiler" value="HotSpot 64-Bit Tiered Compilers"/>
    <property name="java.runtime.version" value="17.0.9+8-LTS"/>
    <property name="user.name" value="Yuki Lau"/>
    <property name="path.separator" value=";"/>
    <property name="os.version" value="10.0"/>
    <property name="java.runtime.name" value="OpenJDK Runtime Environment"/>
    <property name="file.encoding" value="UTF-8"/>
    <property name="java.vm.name" value="OpenJDK 64-Bit Server VM"/>
    <property name="java.vendor.version" value="Zulu17.46+19-CA"/>
    <property name="localRepository" value="C:\Users\Yuki Lau\.m2\repository"/>
    <property name="java.vendor.url.bug" value="http://www.azul.com/support/"/>
    <property name="java.io.tmpdir" value="C:\Users\YUKILA~1\AppData\Local\Temp\"/>
    <property name="java.version" value="17.0.9"/>
    <property name="user.dir" value="C:\Users\Yuki Lau\github\bootcamp\banking-system-demo"/>
    <property name="os.arch" value="amd64"/>
    <property name="java.vm.specification.name" value="Java Virtual Machine Specification"/>
    <property name="sun.os.patch.level" value=""/>
    <property name="native.encoding" value="UTF-8"/>
    <property name="java.library.path" value="C:\Program Files\Amazon Corretto\zulu17.46.19-ca-jdk17.0.9-win_x64\bin;C:\WINDOWS\Sun\Java\bin;C:\WINDOWS\system32;C:\WINDOWS;C:\Users\Yuki Lau\bin;C:\Program Files\Git\mingw64\bin;C:\Program Files\Git\usr\local\bin;C:\Program Files\Git\usr\bin;C:\Program Files\Git\usr\bin;C:\Program Files\Git\mingw64\bin;C:\Program Files\Git\usr\bin;C:\Users\Yuki Lau\bin;C:\Program Files\Java\zulu17.46.19-ca-jdk17.0.9-win_x64\bin;C:\Program Files\Common Files\Oracle\Java\javapath;C:\WINDOWS\system32;C:\WINDOWS;C:\WINDOWS\System32\Wbem;C:\WINDOWS\System32\WindowsPowerShell\v1.0;C:\WINDOWS\System32\OpenSSH;C:\Program Files\nodejs;C:\php-8.1.11;C:\ProgramData\ComposerSetup\bin;C:\Program Files\Docker\Docker\resources\bin;C:\Program Files\Amazon Corretto\zulu17.46.19-ca-jdk17.0.9-win_x64\bin;C:\Program Files\Git\cmd;C:\Program Files\Git\usr\bin;C:\Program Files\Amazon Corretto\apache-maven-3.9.5\bin;C:\Program Files\Amazon Corretto\zulu17.46.19-ca-jdk17.0.9-win_x64\bin;C:\Program Files\GitHub CLI;C:\Program Files\MySQL\MySQL Shell 8.0\bin;C:\Program Files\Java\zulu17.46.19-ca-jdk17.0.9-win_x64\bin;C:\Program Files\Java\apache-maven-3.9.5;C:\Users\Yuki Lau\AppData\Local\Microsoft\WindowsApps;C:\Users\Yuki Lau\AppData\Local\Programs\Microsoft VS Code\bin;C:\Users\Yuki Lau\AppData\Roaming\npm;C:\Users\Yuki Lau\AppData\Roaming\Composer\vendor\bin;C:\oracle\instantclient_21_8;C:\Program Files\Git\usr\bin\vendor_perl;C:\Program Files\Git\usr\bin\core_perl;."/>
    <property name="java.vm.info" value="mixed mode, sharing"/>
    <property name="java.vendor" value="Azul Systems, Inc."/>
    <property name="java.vm.version" value="17.0.9+8-LTS"/>
    <property name="sun.io.unicode.encoding" value="UnicodeLittle"/>
    <property name="java.class.version" value="61.0"/>
  </properties>
  <testcase name="bankCreditTest" classname="com.javahongkong.bootcamp.exercise.SampleTest" time="0.0"/>
  <testcase name="debitTest" classname="com.javahongkong.bootcamp.exercise.SampleTest" time="0.0"/>
  <testcase name="invalidPinTransaction" classname="com.javahongkong.bootcamp.exercise.SampleTest" time="0.0"/>
  <testcase name="transactionTest" classname="com.javahongkong.bootcamp.exercise.SampleTest" time="0.0"/>
  <testcase name="invalidAccountNumberTest" classname="com.javahongkong.bootcamp.exercise.SampleTest" time="0.0"/>
</testsuite>